  interface.c
D:\Users\Marcos\Documents\Faculdade\STR\str\source\interface.c(300,1): warning C4142: 'closeChannels': benign redefinition of type
  mongoose.c
D:\Users\Marcos\Documents\Faculdade\STR\str\include\interface.h(10): message : see declaration of 'closeChannels'
D:\Users\Marcos\Documents\Faculdade\STR\str\source\mongoose.c(541,51): warning C4244: '=': conversion from '__int64' to 'int', possible loss of data
D:\Users\Marcos\Documents\Faculdade\STR\str\source\mongoose.c(1144,19): warning C4267: 'return': conversion from 'size_t' to 'int', possible loss of data
D:\Users\Marcos\Documents\Faculdade\STR\str\source\mongoose.c(1154,19): warning C4267: 'return': conversion from 'size_t' to 'int', possible loss of data
D:\Users\Marcos\Documents\Faculdade\STR\str\source\mongoose.c(1426,37): warning C4267: 'function': conversion from 'size_t' to 'uint32_t', possible loss of data
D:\Users\Marcos\Documents\Faculdade\STR\str\source\mongoose.c(1444,37): warning C4267: 'function': conversion from 'size_t' to 'uint32_t', possible loss of data
D:\Users\Marcos\Documents\Faculdade\STR\str\source\mongoose.c(1616,1): warning C4267: 'initializing': conversion from 'size_t' to 'int', possible loss of data
D:\Users\Marcos\Documents\Faculdade\STR\str\source\mongoose.c(2854,1): warning C4267: 'function': conversion from 'size_t' to 'int', possible loss of data
D:\Users\Marcos\Documents\Faculdade\STR\str\source\mongoose.c(2907,55): warning C4267: 'function': conversion from 'size_t' to 'int', possible loss of data
D:\Users\Marcos\Documents\Faculdade\STR\str\source\mongoose.c(3284,42): warning C4267: 'function': conversion from 'size_t' to 'int', possible loss of data
D:\Users\Marcos\Documents\Faculdade\STR\str\source\mongoose.c(3315,15): warning C4267: 'function': conversion from 'size_t' to 'int', possible loss of data
D:\Users\Marcos\Documents\Faculdade\STR\str\source\mongoose.c(3372,1): warning C4267: 'function': conversion from 'size_t' to 'int', possible loss of data
D:\Users\Marcos\Documents\Faculdade\STR\str\source\mongoose.c(3849,22): warning C4267: 'function': conversion from 'size_t' to 'int', possible loss of data
D:\Users\Marcos\Documents\Faculdade\STR\str\source\mongoose.c(5381,25): warning C4267: 'function': conversion from 'size_t' to 'int', possible loss of data
D:\Users\Marcos\Documents\Faculdade\STR\str\source\mongoose.c(5615,58): warning C4267: 'function': conversion from 'size_t' to 'int', possible loss of data
D:\Users\Marcos\Documents\Faculdade\STR\str\source\mongoose.c(5645,45): warning C4267: 'function': conversion from 'size_t' to 'int', possible loss of data
D:\Users\Marcos\Documents\Faculdade\STR\str\source\mongoose.c(6240,37): warning C4267: 'function': conversion from 'size_t' to 'int', possible loss of data
D:\Users\Marcos\Documents\Faculdade\STR\str\source\mongoose.c(6377,67): warning C4267: 'function': conversion from 'size_t' to 'int', possible loss of data
D:\Users\Marcos\Documents\Faculdade\STR\str\source\mongoose.c(6441,47): warning C4267: 'function': conversion from 'size_t' to 'int', possible loss of data
D:\Users\Marcos\Documents\Faculdade\STR\str\source\mongoose.c(6441,61): warning C4267: 'function': conversion from 'size_t' to 'int', possible loss of data
D:\Users\Marcos\Documents\Faculdade\STR\str\source\mongoose.c(6459,23): warning C4267: 'function': conversion from 'size_t' to 'int', possible loss of data
D:\Users\Marcos\Documents\Faculdade\STR\str\source\mongoose.c(6512,1): warning C4267: 'initializing': conversion from 'size_t' to 'int', possible loss of data
D:\Users\Marcos\Documents\Faculdade\STR\str\source\mongoose.c(6563,58): warning C4267: 'function': conversion from 'size_t' to 'int', possible loss of data
D:\Users\Marcos\Documents\Faculdade\STR\str\source\mongoose.c(6591,41): warning C4267: 'function': conversion from 'size_t' to 'int', possible loss of data
D:\Users\Marcos\Documents\Faculdade\STR\str\source\mongoose.c(6592,55): warning C4267: 'function': conversion from 'size_t' to 'int', possible loss of data
D:\Users\Marcos\Documents\Faculdade\STR\str\source\mongoose.c(6974,30): warning C4267: 'function': conversion from 'size_t' to 'int', possible loss of data
D:\Users\Marcos\Documents\Faculdade\STR\str\source\mongoose.c(7046,39): warning C4267: 'function': conversion from 'size_t' to 'int', possible loss of data
D:\Users\Marcos\Documents\Faculdade\STR\str\source\mongoose.c(7172,49): warning C4267: 'function': conversion from 'size_t' to 'int', possible loss of data
D:\Users\Marcos\Documents\Faculdade\STR\str\source\mongoose.c(7172,72): warning C4244: 'function': conversion from '__int64' to 'int', possible loss of data
D:\Users\Marcos\Documents\Faculdade\STR\str\source\mongoose.c(7328,78): warning C4267: 'function': conversion from 'size_t' to 'int', possible loss of data
D:\Users\Marcos\Documents\Faculdade\STR\str\source\mongoose.c(7778,49): warning C4267: 'function': conversion from 'size_t' to 'int', possible loss of data
D:\Users\Marcos\Documents\Faculdade\STR\str\source\mongoose.c(7872,25): warning C4244: 'function': conversion from 'sock_t' to 'int', possible loss of data
D:\Users\Marcos\Documents\Faculdade\STR\str\source\mongoose.c(7929,57): warning C4267: 'function': conversion from 'size_t' to 'int', possible loss of data
D:\Users\Marcos\Documents\Faculdade\STR\str\source\mongoose.c(7929,72): warning C4267: 'function': conversion from 'size_t' to 'int', possible loss of data
D:\Users\Marcos\Documents\Faculdade\STR\str\source\mongoose.c(8227,59): warning C4267: 'function': conversion from 'size_t' to 'int', possible loss of data
D:\Users\Marcos\Documents\Faculdade\STR\str\source\mongoose.c(8236,68): warning C4267: 'function': conversion from 'size_t' to 'int', possible loss of data
D:\Users\Marcos\Documents\Faculdade\STR\str\source\mongoose.c(8301,48): warning C4267: 'function': conversion from 'size_t' to 'int', possible loss of data
D:\Users\Marcos\Documents\Faculdade\STR\str\source\mongoose.c(8340,23): warning C4267: 'function': conversion from 'size_t' to 'int', possible loss of data
D:\Users\Marcos\Documents\Faculdade\STR\str\source\mongoose.c(8381,69): warning C4267: 'function': conversion from 'size_t' to 'int', possible loss of data
D:\Users\Marcos\Documents\Faculdade\STR\str\source\mongoose.c(8883,27): warning C4267: '+=': conversion from 'size_t' to 'unsigned int', possible loss of data
D:\Users\Marcos\Documents\Faculdade\STR\str\source\mongoose.c(8991,24): warning C4267: 'function': conversion from 'size_t' to 'int', possible loss of data
D:\Users\Marcos\Documents\Faculdade\STR\str\source\mongoose.c(9006,23): warning C4267: '+=': conversion from 'size_t' to 'int', possible loss of data
D:\Users\Marcos\Documents\Faculdade\STR\str\source\mongoose.c(9012,39): warning C4267: 'function': conversion from 'size_t' to 'int', possible loss of data
D:\Users\Marcos\Documents\Faculdade\STR\str\source\mongoose.c(9070,50): warning C4267: 'function': conversion from 'size_t' to 'uint32_t', possible loss of data
D:\Users\Marcos\Documents\Faculdade\STR\str\source\mongoose.c(9343,1): warning C4267: 'initializing': conversion from 'size_t' to 'int', possible loss of data
D:\Users\Marcos\Documents\Faculdade\STR\str\source\mongoose.c(9517,23): warning C4267: 'return': conversion from 'size_t' to 'int', possible loss of data
D:\Users\Marcos\Documents\Faculdade\STR\str\source\mongoose.c(9529,11): warning C4267: 'return': conversion from 'size_t' to 'int', possible loss of data
D:\Users\Marcos\Documents\Faculdade\STR\str\source\mongoose.c(9689,23): warning C4244: 'return': conversion from '__int64' to 'int', possible loss of data
D:\Users\Marcos\Documents\Faculdade\STR\str\source\mongoose.c(9768,43): warning C4267: 'function': conversion from 'size_t' to 'int', possible loss of data
D:\Users\Marcos\Documents\Faculdade\STR\str\source\mongoose.c(9773,57): warning C4267: 'function': conversion from 'size_t' to 'int', possible loss of data
D:\Users\Marcos\Documents\Faculdade\STR\str\source\mongoose.c(9777,61): warning C4267: 'function': conversion from 'size_t' to 'int', possible loss of data
D:\Users\Marcos\Documents\Faculdade\STR\str\source\mongoose.c(9783,55): warning C4267: 'function': conversion from 'size_t' to 'int', possible loss of data
D:\Users\Marcos\Documents\Faculdade\STR\str\source\mongoose.c(9788,53): warning C4267: 'function': conversion from 'size_t' to 'int', possible loss of data
D:\Users\Marcos\Documents\Faculdade\STR\str\source\mongoose.c(9828,35): warning C4267: 'function': conversion from 'size_t' to 'int', possible loss of data
D:\Users\Marcos\Documents\Faculdade\STR\str\source\mongoose.c(9832,24): warning C4267: 'function': conversion from 'size_t' to 'int', possible loss of data
D:\Users\Marcos\Documents\Faculdade\STR\str\source\mongoose.c(9850,57): warning C4267: 'function': conversion from 'size_t' to 'int', possible loss of data
D:\Users\Marcos\Documents\Faculdade\STR\str\source\mongoose.c(9869,34): warning C4267: 'return': conversion from 'size_t' to 'int', possible loss of data
D:\Users\Marcos\Documents\Faculdade\STR\str\source\mongoose.c(9883,45): warning C4267: 'function': conversion from 'size_t' to 'int', possible loss of data
D:\Users\Marcos\Documents\Faculdade\STR\str\source\mongoose.c(10194,70): warning C4267: 'function': conversion from 'size_t' to 'int', possible loss of data
D:\Users\Marcos\Documents\Faculdade\STR\str\source\mongoose.c(10211,55): warning C4267: 'return': conversion from 'size_t' to 'int', possible loss of data
D:\Users\Marcos\Documents\Faculdade\STR\str\source\mongoose.c(10221,45): warning C4267: 'return': conversion from 'size_t' to 'int', possible loss of data
D:\Users\Marcos\Documents\Faculdade\STR\str\source\mongoose.c(10237,17): warning C4244: '=': conversion from '__int64' to 'unsigned char', possible loss of data
D:\Users\Marcos\Documents\Faculdade\STR\str\source\mongoose.c(10250,23): warning C4267: 'return': conversion from 'size_t' to 'int', possible loss of data
D:\Users\Marcos\Documents\Faculdade\STR\str\source\mongoose.c(10295,23): warning C4267: 'return': conversion from 'size_t' to 'int', possible loss of data
D:\Users\Marcos\Documents\Faculdade\STR\str\source\mongoose.c(10330,31): warning C4267: 'function': conversion from 'size_t' to 'int', possible loss of data
D:\Users\Marcos\Documents\Faculdade\STR\str\source\mongoose.c(10433,1): warning C4244: 'initializing': conversion from '__int64' to 'int', possible loss of data
D:\Users\Marcos\Documents\Faculdade\STR\str\source\mongoose.c(10482,60): warning C4267: 'function': conversion from 'size_t' to 'int', possible loss of data
D:\Users\Marcos\Documents\Faculdade\STR\str\source\mongoose.c(10491,37): warning C4267: 'function': conversion from 'size_t' to 'int', possible loss of data
D:\Users\Marcos\Documents\Faculdade\STR\str\source\mongoose.c(11493,46): warning C4267: 'function': conversion from 'size_t' to 'int', possible loss of data
  sim_server.c
  splitterline_jni.c
  splitterline_lowlevel.c
  Generating Code...
D:\Users\Marcos\Documents\Faculdade\STR\str\source\mongoose.c(11561,68): warning C4267: 'function': conversion from 'size_t' to 'int', possible loss of data
D:\Users\Marcos\Documents\Faculdade\STR\str\SplitterLine\splitterline_jni.c(104): warning C4716: 'Java_SplitterLine_getCylinder3Position': must return a value
  SplitterLine.cpp
     Creating library D:\Users\Marcos\Documents\Faculdade\STR\str\SplitterLine\x64\Debug\SplitterLine.lib and object D:\Users\Marcos\Documents\Faculdade\STR\str\SplitterLine\x64\Debug\SplitterLine.exp
  SplitterLine.vcxproj -> D:\Users\Marcos\Documents\Faculdade\STR\str\SplitterLine\x64\Debug\SplitterLine.dll
