d:\users\marcos\documents\faculdade\str\str\splitterline\x64\debug\vc142.pdb
d:\users\marcos\documents\faculdade\str\str\splitterline\x64\debug\vc142.idb
d:\users\marcos\documents\faculdade\str\str\splitterline\x64\debug\splitterline_lowlevel.obj
d:\users\marcos\documents\faculdade\str\str\splitterline\x64\debug\splitterline_jni.obj
d:\users\marcos\documents\faculdade\str\str\splitterline\x64\debug\sim_server.obj
d:\users\marcos\documents\faculdade\str\str\splitterline\x64\debug\mongoose.obj
d:\users\marcos\documents\faculdade\str\str\splitterline\x64\debug\interface.obj
d:\users\marcos\documents\faculdade\str\str\splitterline\x64\debug\splitterline.obj
d:\users\marcos\documents\faculdade\str\str\splitterline\x64\debug\splitterline.ilk
d:\users\marcos\documents\faculdade\str\str\splitterline\x64\debug\splitterline.dll
d:\users\marcos\documents\faculdade\str\str\splitterline\x64\debug\splitterline.pdb
d:\users\marcos\documents\faculdade\str\str\splitterline\x64\debug\splitterline.lib
d:\users\marcos\documents\faculdade\str\str\splitterline\x64\debug\splitterline.exp
d:\users\marcos\documents\faculdade\str\str\splitterline\x64\debug\splitterline.tlog\cl.command.1.tlog
d:\users\marcos\documents\faculdade\str\str\splitterline\x64\debug\splitterline.tlog\cl.read.1.tlog
d:\users\marcos\documents\faculdade\str\str\splitterline\x64\debug\splitterline.tlog\cl.write.1.tlog
d:\users\marcos\documents\faculdade\str\str\splitterline\x64\debug\splitterline.tlog\link.command.1.tlog
d:\users\marcos\documents\faculdade\str\str\splitterline\x64\debug\splitterline.tlog\link.read.1.tlog
d:\users\marcos\documents\faculdade\str\str\splitterline\x64\debug\splitterline.tlog\link.write.1.tlog
d:\users\marcos\documents\faculdade\str\str\splitterline\x64\debug\splitterline.tlog\splitterline.write.1u.tlog
